This is pdfTeX, Version 3.1415926-2.5-1.40.14 (MiKTeX 2.9) (preloaded format=pdflatex 2016.5.24)  11 JUN 2016 11:08
entering extended mode
**IO_Port_expander_experiment.tex

(D:\Internship\eYSIP-Raspberry_Pi_Development_Board\IO_port_expander_experiment
s\IO_Port_expander_experiment.tex
LaTeX2e <2011/06/27>
Babel <v3.8m> and hyphenation patterns for english, afrikaans, ancientgreek, ar
abic, armenian, assamese, basque, bengali, bokmal, bulgarian, catalan, coptic, 
croatian, czech, danish, dutch, esperanto, estonian, farsi, finnish, french, ga
lician, german, german-x-2013-05-26, greek, gujarati, hindi, hungarian, iceland
ic, indonesian, interlingua, irish, italian, kannada, kurmanji, latin, latvian,
 lithuanian, malayalam, marathi, mongolian, mongolianlmc, monogreek, ngerman, n
german-x-2013-05-26, nynorsk, oriya, panjabi, pinyin, polish, portuguese, roman
ian, russian, sanskrit, serbian, slovak, slovenian, spanish, swedish, swissgerm
an, tamil, telugu, turkish, turkmen, ukenglish, ukrainian, uppersorbian, usengl
ishmax, welsh, loaded.
("C:\Program Files\MiKTeX 2.9\tex\latex\base\article.cls"
Document Class: article 2007/10/19 v1.4h Standard LaTeX document class
("C:\Program Files\MiKTeX 2.9\tex\latex\base\size11.clo"
File: size11.clo 2007/10/19 v1.4h Standard LaTeX file (size option)
)
\c@part=\count79
\c@section=\count80
\c@subsection=\count81
\c@subsubsection=\count82
\c@paragraph=\count83
\c@subparagraph=\count84
\c@figure=\count85
\c@table=\count86
\abovecaptionskip=\skip41
\belowcaptionskip=\skip42
\bibindent=\dimen102
)
("C:\Program Files\MiKTeX 2.9\tex\latex\graphics\graphicx.sty"
Package: graphicx 1999/02/16 v1.0f Enhanced LaTeX Graphics (DPC,SPQR)

("C:\Program Files\MiKTeX 2.9\tex\latex\graphics\keyval.sty"
Package: keyval 1999/03/16 v1.13 key=value parser (DPC)
\KV@toks@=\toks14
)
("C:\Program Files\MiKTeX 2.9\tex\latex\graphics\graphics.sty"
Package: graphics 2009/02/05 v1.0o Standard LaTeX Graphics (DPC,SPQR)

("C:\Program Files\MiKTeX 2.9\tex\latex\graphics\trig.sty"
Package: trig 1999/03/16 v1.09 sin cos tan (DPC)
)
("C:\Program Files\MiKTeX 2.9\tex\latex\00miktex\graphics.cfg"
File: graphics.cfg 2007/01/18 v1.5 graphics configuration of teTeX/TeXLive
)
Package graphics Info: Driver file: pdftex.def on input line 91.

("C:\Program Files\MiKTeX 2.9\tex\latex\pdftex-def\pdftex.def"
File: pdftex.def 2011/05/27 v0.06d Graphics/color for pdfTeX

("C:\Program Files\MiKTeX 2.9\tex\generic\oberdiek\infwarerr.sty"
Package: infwarerr 2010/04/08 v1.3 Providing info/warning/error messages (HO)
)
("C:\Program Files\MiKTeX 2.9\tex\generic\oberdiek\ltxcmds.sty"
Package: ltxcmds 2011/11/09 v1.22 LaTeX kernel commands for general use (HO)
)
\Gread@gobject=\count87
))
\Gin@req@height=\dimen103
\Gin@req@width=\dimen104
)
("C:\Users\Aditya Kumar\AppData\Roaming\MiKTeX\2.9\tex\latex\url\url.sty"
\Urlmuskip=\muskip10
Package: url 2013/09/16  ver 3.4  Verb mode for urls, etc.
)
("C:\Users\Aditya Kumar\AppData\Roaming\MiKTeX\2.9\tex\latex\listings\listings.
sty"
\lst@mode=\count88
\lst@gtempboxa=\box26
\lst@token=\toks15
\lst@length=\count89
\lst@currlwidth=\dimen105
\lst@column=\count90
\lst@pos=\count91
\lst@lostspace=\dimen106
\lst@width=\dimen107
\lst@newlines=\count92
\lst@lineno=\count93
\lst@maxwidth=\dimen108

("C:\Users\Aditya Kumar\AppData\Roaming\MiKTeX\2.9\tex\latex\listings\lstmisc.s
ty"
File: lstmisc.sty 2015/06/04 1.6 (Carsten Heinz)
\c@lstnumber=\count94
\lst@skipnumbers=\count95
\lst@framebox=\box27
)
("C:\Users\Aditya Kumar\AppData\Roaming\MiKTeX\2.9\tex\latex\listings\listings.
cfg"
File: listings.cfg 2015/06/04 1.6 listings configuration
))
Package: listings 2015/06/04 1.6 (Carsten Heinz)

(D:\Internship\eYSIP-Raspberry_Pi_Development_Board\IO_port_expander_experiment
s\IO_Port_expander_experiment.aux)
LaTeX Font Info:    Checking defaults for OML/cmm/m/it on input line 10.
LaTeX Font Info:    ... okay on input line 10.
LaTeX Font Info:    Checking defaults for T1/cmr/m/n on input line 10.
LaTeX Font Info:    ... okay on input line 10.
LaTeX Font Info:    Checking defaults for OT1/cmr/m/n on input line 10.
LaTeX Font Info:    ... okay on input line 10.
LaTeX Font Info:    Checking defaults for OMS/cmsy/m/n on input line 10.
LaTeX Font Info:    ... okay on input line 10.
LaTeX Font Info:    Checking defaults for OMX/cmex/m/n on input line 10.
LaTeX Font Info:    ... okay on input line 10.
LaTeX Font Info:    Checking defaults for U/cmr/m/n on input line 10.
LaTeX Font Info:    ... okay on input line 10.

("C:\Program Files\MiKTeX 2.9\tex\context\base\supp-pdf.mkii"
[Loading MPS to PDF converter (version 2006.09.02).]
\scratchcounter=\count96
\scratchdimen=\dimen109
\scratchbox=\box28
\nofMPsegments=\count97
\nofMParguments=\count98
\everyMPshowfont=\toks16
\MPscratchCnt=\count99
\MPscratchDim=\dimen110
\MPnumerator=\count100
\makeMPintoPDFobject=\count101
\everyMPtoPDFconversion=\toks17
)
\c@lstlisting=\count102
LaTeX Font Info:    External font `cmex10' loaded for size
(Font)              <12> on input line 11.
LaTeX Font Info:    External font `cmex10' loaded for size
(Font)              <8> on input line 11.
LaTeX Font Info:    External font `cmex10' loaded for size
(Font)              <6> on input line 11.
 [1

{C:/Users/Aditya Kumar/AppData/Local/MiKTeX/2.9/pdftex/config/pdftex.map}]
(D:\Internship\eYSIP-Raspberry_Pi_Development_Board\IO_port_expander_experiment
s\IO_Port_expander_experiment.toc
LaTeX Font Info:    External font `cmex10' loaded for size
(Font)              <10.95> on input line 6.
)
\tf@toc=\write3
 [2]
Overfull \hbox (0.95384pt too wide) in paragraph at lines 16--17
\OT1/cmr/m/n/10.95 In this tu-to-rial we will learn to ac-cess IO pins of a por
t ex-pander (MCP23017)
 []

LaTeX Font Info:    Try loading font information for OMS+cmr on input line 19.
("C:\Program Files\MiKTeX 2.9\tex\latex\base\omscmr.fd"
File: omscmr.fd 1999/05/25 v2.5h Standard LaTeX font definitions
)
LaTeX Font Info:    Font shape `OMS/cmr/m/n' in size <10.95> not available
(Font)              Font shape `OMS/cmsy/m/n' tried instead on input line 19.
 [3]
<mcp23017.png, id=17, 221.32687pt x 344.78813pt>
File: mcp23017.png Graphic file (type png)
 <use mcp23017.png>
Package pdftex.def Info: mcp23017.png used on input line 56.
(pdftex.def)             Requested size: 154.92773pt x 241.35004pt.

<interface.png, id=18, 253.69781pt x 235.63031pt>
File: interface.png Graphic file (type png)
 <use interface.png>
Package pdftex.def Info: interface.png used on input line 67.
(pdftex.def)             Requested size: 202.95851pt x 188.5045pt.


LaTeX Warning: `!h' float specifier changed to `!ht'.

[4 <D:/Internship/eYSIP-Raspberry_Pi_Development_Board/IO_port_expander_experim
ents/mcp23017.png>] <lcd.png, id=23, 339.2675pt x 295.1025pt>
File: lcd.png Graphic file (type png)
 <use lcd.png>
Package pdftex.def Info: lcd.png used on input line 97.
(pdftex.def)             Requested size: 305.33792pt x 265.58978pt.

[5 <D:/Internship/eYSIP-Raspberry_Pi_Development_Board/IO_port_expander_experim
ents/interface.png>] [6 <D:/Internship/eYSIP-Raspberry_Pi_Development_Board/IO_
port_expander_experiments/lcd.png>]
Missing character: There is no â in font cmr10!
Missing character: There is no € in font cmr10!
Missing character: There is no “ in font cmr10!

Overfull \hbox (91.58331pt too wide) in paragraph at lines 107--144
[][]  
 []

[7] <led_switch_I2C.JPG, id=36, 329.73187pt x 285.31593pt>
File: led_switch_I2C.JPG Graphic file (type jpg)

<use led_switch_I2C.JPG>
Package pdftex.def Info: led_switch_I2C.JPG used on input line 169.
(pdftex.def)             Requested size: 329.73105pt x 285.31523pt.
 [8 <D:/Internship/eYSIP-Raspberry_Pi_Development_Board/IO_port_expander_experi
ments/led_switch_I2C.JPG>] [9]
("C:\Users\Aditya Kumar\AppData\Roaming\MiKTeX\2.9\tex\latex\listings\lstlang1.
sty"
File: lstlang1.sty 2015/06/04 1.6 listings language file
)
(D:\Internship\eYSIP-Raspberry_Pi_Development_Board\IO_port_expander_experiment
s\i2c_switch_led.py
Overfull \hbox (34.2041pt too wide) in paragraph at lines 8--9
[][][][][][][][][][][][][][][][][][][][][][][][][][][][][][] 
 []


Overfull \hbox (126.18506pt too wide) in paragraph at lines 9--10
[][][][][][][][][][][][][][][][][][][][][] 
 []


Overfull \hbox (145.89526pt too wide) in paragraph at lines 10--11
[][][][][][][][][][][][][][][][][][][][][][][][][][][][][][][][][][] 
 []


Overfull \hbox (106.47485pt too wide) in paragraph at lines 16--17
[][][][][][][][][][][][][][][][][][][][][][][][][][][][][][][] 
 []


Overfull \hbox (145.89526pt too wide) in paragraph at lines 25--26
[][][][][][][][][][][][][][][][][][][][][][][][][][][][][][][] 
 []


Overfull \hbox (14.4939pt too wide) in paragraph at lines 26--27
[][][][][][][] 
 []


Overfull \hbox (145.89526pt too wide) in paragraph at lines 27--28
[][][][][][][][][][][][][][][][][][][][][][][][][][][][][][][][][][][][] 
 []


Overfull \hbox (60.48438pt too wide) in paragraph at lines 36--37
[][][][][][][][][][][][][][][][][][][][][] 
 []

)
Overfull \hbox (152.46533pt too wide) in paragraph at lines 37--189
[][][][][][][][][][][][][][][][][][] 
 []

[10] <LCD_I2C.PNG, id=46, 451.6875pt x 325.96782pt>
File: LCD_I2C.PNG Graphic file (type png)
 <use LCD_I2C.PNG>
Package pdftex.def Info: LCD_I2C.PNG used on input line 194.
(pdftex.def)             Requested size: 316.17908pt x 228.1759pt.
 [11 <D:/Internship/eYSIP-Raspberry_Pi_Development_Board/IO_port_expander_exper
iments/LCD_I2C.PNG>]
(D:\Internship\eYSIP-Raspberry_Pi_Development_Board\IO_port_expander_experiment
s\lcd_port_expand_demo.py
LaTeX Font Info:    Font shape `OMS/cmr/m/it' in size <10.95> not available
(Font)              Font shape `OMS/cmsy/m/n' tried instead on input line 3.
 [12] [13]
Overfull \hbox (1.35376pt too wide) in paragraph at lines 106--107
[][][][][][][][][][][][][][][][][][][] 
 []


Overfull \hbox (73.62451pt too wide) in paragraph at lines 107--108
[][][][][][][][][][][][][][][][][][][][][][][][][][] 
 []


Overfull \hbox (119.61499pt too wide) in paragraph at lines 108--109
[][][][][][][][][][][][][][][][][][][][][][][][][][][][][] 
 []

[14] [15]) [16] <RaspberryPi2_pinout.jpg, id=66, 570.13pt x 415.5525pt>
File: RaspberryPi2_pinout.jpg Graphic file (type jpg)

<use RaspberryPi2_pinout.jpg>
Package pdftex.def Info: RaspberryPi2_pinout.jpg used on input line 226.
(pdftex.def)             Requested size: 342.08064pt x 249.33342pt.
File: mcp23017.png Graphic file (type png)
 <use mcp23017.png>
Package pdftex.def Info: mcp23017.png used on input line 235.
(pdftex.def)             Requested size: 110.66315pt x 172.39363pt.


LaTeX Warning: `!h' float specifier changed to `!ht'.

[17 <D:/Internship/eYSIP-Raspberry_Pi_Development_Board/IO_port_expander_experi
ments/RaspberryPi2_pinout.jpg>]
Overfull \hbox (46.53976pt too wide) in paragraph at lines 248--249
$\OT1/cmtt/m/n/10.95 4547-[]add-[]digital-[]i-[]o-[]pins-[]to-[]raspberry-[]pi-
[]hardware-[]using-[]mcp23017$  
 []

[18]
(D:\Internship\eYSIP-Raspberry_Pi_Development_Board\IO_port_expander_experiment
s\IO_Port_expander_experiment.aux) ) 
Here is how much of TeX's memory you used:
 2708 strings out of 493921
 38397 string characters out of 3147261
 132442 words of memory out of 3000000
 5999 multiletter control sequences out of 15000+200000
 9325 words of font info for 33 fonts, out of 3000000 for 9000
 841 hyphenation exceptions out of 8191
 28i,7n,43p,641b,1478s stack positions out of 5000i,500n,10000p,200000b,50000s
<C:/Program Files/MiKTeX 2.9/fonts/type1/pu
blic/amsfonts/cm/cmbx10.pfb><C:/Program Files/MiKTeX 2.9/fonts/type1/public/ams
fonts/cm/cmbx12.pfb><C:/Program Files/MiKTeX 2.9/fonts/type1/public/amsfonts/cm
/cmr10.pfb><C:/Program Files/MiKTeX 2.9/fonts/type1/public/amsfonts/cm/cmr12.pf
b><C:/Program Files/MiKTeX 2.9/fonts/type1/public/amsfonts/cm/cmr17.pfb><C:/Pro
gram Files/MiKTeX 2.9/fonts/type1/public/amsfonts/cm/cmsy10.pfb><C:/Program Fil
es/MiKTeX 2.9/fonts/type1/public/amsfonts/cm/cmti10.pfb><C:/Program Files/MiKTe
X 2.9/fonts/type1/public/amsfonts/cm/cmtt10.pfb>
Output written on IO_Port_expander_experiment.pdf (18 pages, 378920 bytes).
PDF statistics:
 100 PDF objects out of 1000 (max. 8388607)
 0 named destinations out of 1000 (max. 500000)
 31 words of extra memory for PDF output out of 10000 (max. 10000000)

