This is pdfTeX, Version 3.1415926-2.5-1.40.14 (MiKTeX 2.9) (preloaded format=pdflatex 2016.5.24)  2 JUN 2016 18:03
entering extended mode
**GPIO_2016.tex

("D:\Internship\eYSIP-Raspberry_Pi_Development_Board\Accessing GPIO pins of an 
R-Pi_2016\GPIO_2016.tex"
LaTeX2e <2011/06/27>
Babel <v3.8m> and hyphenation patterns for english, afrikaans, ancientgreek, ar
abic, armenian, assamese, basque, bengali, bokmal, bulgarian, catalan, coptic, 
croatian, czech, danish, dutch, esperanto, estonian, farsi, finnish, french, ga
lician, german, german-x-2013-05-26, greek, gujarati, hindi, hungarian, iceland
ic, indonesian, interlingua, irish, italian, kannada, kurmanji, latin, latvian,
 lithuanian, malayalam, marathi, mongolian, mongolianlmc, monogreek, ngerman, n
german-x-2013-05-26, nynorsk, oriya, panjabi, pinyin, polish, portuguese, roman
ian, russian, sanskrit, serbian, slovak, slovenian, spanish, swedish, swissgerm
an, tamil, telugu, turkish, turkmen, ukenglish, ukrainian, uppersorbian, usengl
ishmax, welsh, loaded.
("C:\Program Files\MiKTeX 2.9\tex\latex\base\article.cls"
Document Class: article 2007/10/19 v1.4h Standard LaTeX document class
("C:\Program Files\MiKTeX 2.9\tex\latex\base\size11.clo"
File: size11.clo 2007/10/19 v1.4h Standard LaTeX file (size option)
)
\c@part=\count79
\c@section=\count80
\c@subsection=\count81
\c@subsubsection=\count82
\c@paragraph=\count83
\c@subparagraph=\count84
\c@figure=\count85
\c@table=\count86
\abovecaptionskip=\skip41
\belowcaptionskip=\skip42
\bibindent=\dimen102
)
("C:\Program Files\MiKTeX 2.9\tex\latex\graphics\graphicx.sty"
Package: graphicx 1999/02/16 v1.0f Enhanced LaTeX Graphics (DPC,SPQR)

("C:\Program Files\MiKTeX 2.9\tex\latex\graphics\keyval.sty"
Package: keyval 1999/03/16 v1.13 key=value parser (DPC)
\KV@toks@=\toks14
)
("C:\Program Files\MiKTeX 2.9\tex\latex\graphics\graphics.sty"
Package: graphics 2009/02/05 v1.0o Standard LaTeX Graphics (DPC,SPQR)

("C:\Program Files\MiKTeX 2.9\tex\latex\graphics\trig.sty"
Package: trig 1999/03/16 v1.09 sin cos tan (DPC)
)
("C:\Program Files\MiKTeX 2.9\tex\latex\00miktex\graphics.cfg"
File: graphics.cfg 2007/01/18 v1.5 graphics configuration of teTeX/TeXLive
)
Package graphics Info: Driver file: pdftex.def on input line 91.

("C:\Program Files\MiKTeX 2.9\tex\latex\pdftex-def\pdftex.def"
File: pdftex.def 2011/05/27 v0.06d Graphics/color for pdfTeX

("C:\Program Files\MiKTeX 2.9\tex\generic\oberdiek\infwarerr.sty"
Package: infwarerr 2010/04/08 v1.3 Providing info/warning/error messages (HO)
)
("C:\Program Files\MiKTeX 2.9\tex\generic\oberdiek\ltxcmds.sty"
Package: ltxcmds 2011/11/09 v1.22 LaTeX kernel commands for general use (HO)
)
\Gread@gobject=\count87
))
\Gin@req@height=\dimen103
\Gin@req@width=\dimen104
)
("C:\Users\Aditya Kumar\AppData\Roaming\MiKTeX\2.9\tex\latex\listings\listings.
sty"
\lst@mode=\count88
\lst@gtempboxa=\box26
\lst@token=\toks15
\lst@length=\count89
\lst@currlwidth=\dimen105
\lst@column=\count90
\lst@pos=\count91
\lst@lostspace=\dimen106
\lst@width=\dimen107
\lst@newlines=\count92
\lst@lineno=\count93
\lst@maxwidth=\dimen108

("C:\Users\Aditya Kumar\AppData\Roaming\MiKTeX\2.9\tex\latex\listings\lstmisc.s
ty"
File: lstmisc.sty 2015/06/04 1.6 (Carsten Heinz)
\c@lstnumber=\count94
\lst@skipnumbers=\count95
\lst@framebox=\box27
)
("C:\Users\Aditya Kumar\AppData\Roaming\MiKTeX\2.9\tex\latex\listings\listings.
cfg"
File: listings.cfg 2015/06/04 1.6 listings configuration
))
Package: listings 2015/06/04 1.6 (Carsten Heinz)
 ("C:\Users\Aditya Kumar\AppData\Roaming\MiKTeX\2.9\tex\latex\url\url.sty"
\Urlmuskip=\muskip10
Package: url 2013/09/16  ver 3.4  Verb mode for urls, etc.
)
("D:\Internship\eYSIP-Raspberry_Pi_Development_Board\Accessing GPIO pins of an 
R-Pi_2016\GPIO_2016.aux")
LaTeX Font Info:    Checking defaults for OML/cmm/m/it on input line 10.
LaTeX Font Info:    ... okay on input line 10.
LaTeX Font Info:    Checking defaults for T1/cmr/m/n on input line 10.
LaTeX Font Info:    ... okay on input line 10.
LaTeX Font Info:    Checking defaults for OT1/cmr/m/n on input line 10.
LaTeX Font Info:    ... okay on input line 10.
LaTeX Font Info:    Checking defaults for OMS/cmsy/m/n on input line 10.
LaTeX Font Info:    ... okay on input line 10.
LaTeX Font Info:    Checking defaults for OMX/cmex/m/n on input line 10.
LaTeX Font Info:    ... okay on input line 10.
LaTeX Font Info:    Checking defaults for U/cmr/m/n on input line 10.
LaTeX Font Info:    ... okay on input line 10.

("C:\Program Files\MiKTeX 2.9\tex\context\base\supp-pdf.mkii"
[Loading MPS to PDF converter (version 2006.09.02).]
\scratchcounter=\count96
\scratchdimen=\dimen109
\scratchbox=\box28
\nofMPsegments=\count97
\nofMParguments=\count98
\everyMPshowfont=\toks16
\MPscratchCnt=\count99
\MPscratchDim=\dimen110
\MPnumerator=\count100
\makeMPintoPDFobject=\count101
\everyMPtoPDFconversion=\toks17
)
\c@lstlisting=\count102
LaTeX Font Info:    External font `cmex10' loaded for size
(Font)              <12> on input line 11.
LaTeX Font Info:    External font `cmex10' loaded for size
(Font)              <8> on input line 11.
LaTeX Font Info:    External font `cmex10' loaded for size
(Font)              <6> on input line 11.
 [1

{C:/Users/Aditya Kumar/AppData/Local/MiKTeX/2.9/pdftex/config/pdftex.map}]
("D:\Internship\eYSIP-Raspberry_Pi_Development_Board\Accessing GPIO pins of an 
R-Pi_2016\GPIO_2016.toc"
LaTeX Font Info:    External font `cmex10' loaded for size
(Font)              <10.95> on input line 7.
)
\tf@toc=\write3
 [2]
LaTeX Font Info:    Try loading font information for OMS+cmr on input line 19.

("C:\Program Files\MiKTeX 2.9\tex\latex\base\omscmr.fd"
File: omscmr.fd 1999/05/25 v2.5h Standard LaTeX font definitions
)
LaTeX Font Info:    Font shape `OMS/cmr/m/n' in size <10.95> not available
(Font)              Font shape `OMS/cmsy/m/n' tried instead on input line 19.
 [3]
<j8h.png, id=17, 501.875pt x 150.5625pt>
File: j8h.png Graphic file (type png)
 <use j8h.png>
Package pdftex.def Info: j8h.png used on input line 64.
(pdftex.def)             Requested size: 351.31009pt x 105.39302pt.
 [4 <D:/Internship/eYSIP-Raspberry_Pi_Development_Board/Accessing GPIO pins of 
an R-Pi_2016/j8h.png>]
<RaspberryPi2_pinout.jpg, id=21, 570.13pt x 415.5525pt>
File: RaspberryPi2_pinout.jpg Graphic file (type jpg)

<use RaspberryPi2_pinout.jpg>
Package pdftex.def Info: RaspberryPi2_pinout.jpg used on input line 72.
(pdftex.def)             Requested size: 342.08064pt x 249.33342pt.
 [5 <D:/Internship/eYSIP-Raspberry_Pi_Development_Board/Accessing GPIO pins of 
an R-Pi_2016/RaspberryPi2_pinout.jpg>]
<Led.png, id=25, 597.73312pt x 411.78844pt>
File: Led.png Graphic file (type png)
 <use Led.png>
Package pdftex.def Info: Led.png used on input line 92.
(pdftex.def)             Requested size: 239.089pt x 164.71245pt.
 [6 <D:/Internship/eYSIP-Raspberry_Pi_Development_Board/Accessing GPIO pins of 
an R-Pi_2016/Led.png>]
("C:\Users\Aditya Kumar\AppData\Roaming\MiKTeX\2.9\tex\latex\listings\lstlang1.
sty"
File: lstlang1.sty 2015/06/04 1.6 listings language file
)
("D:\Internship\eYSIP-Raspberry_Pi_Development_Board\Accessing GPIO pins of an 
R-Pi_2016\led_blink_2016.py"
Overfull \hbox (34.2041pt too wide) in paragraph at lines 1--2
[][][][][][][][][][][][][][][][][][][][][][][][][] 
 []


Overfull \hbox (27.63403pt too wide) in paragraph at lines 6--7
[][][][][][][][][][][][][][][][][][][][][][][][][] 
 []


Overfull \hbox (21.06396pt too wide) in paragraph at lines 10--11
[][][][][][][][][][][][][][][][][][][][][] 
 []


Overfull \hbox (211.59595pt too wide) in paragraph at lines 19--20
[][][][][][][][][][][][][][][][][][][][][][][][][][][][][][][][][][][][][][][][
][][][] 
 []

) [7] <pb.png, id=36, 342.5297pt x 271.76532pt>
File: pb.png Graphic file (type png)
 <use pb.png>
Package pdftex.def Info: pb.png used on input line 112.
(pdftex.def)             Requested size: 205.5194pt x 163.06044pt.

("D:\Internship\eYSIP-Raspberry_Pi_Development_Board\Accessing GPIO pins of an 
R-Pi_2016\Pushbutton_2016.py"
Overfull \hbox (34.2041pt too wide) in paragraph at lines 1--2
[][][][][][][][][][][][][][][][][][][][][][][][][] 
 []


Overfull \hbox (132.75513pt too wide) in paragraph at lines 7--8
[][][][][][][][][][][][][][][][][][][][][][][][][][][][][][][] 
 []


Overfull \hbox (106.47485pt too wide) in paragraph at lines 8--9
[][][][][][][][][][][][][][][][][][][][][][][][][][][][][][] 
 []


Overfull \hbox (34.2041pt too wide) in paragraph at lines 12--13
[][][][][][][][][][][][][][][][][][][][][][][] 
 []


Overfull \hbox (47.34424pt too wide) in paragraph at lines 13--14
[][][][][][][][][][][][][][][][] 
 []


Overfull \hbox (53.9143pt too wide) in paragraph at lines 16--17
[][][][][][][][][][][][][][][][][][][][][][][] 
 []


Overfull \hbox (40.77417pt too wide) in paragraph at lines 17--18
[][][][][][][][][][][][][][][][][][][][] 
 []

) [8 <D:/Internship/eYSIP-Raspberry_Pi_Development_Board/Accessing GPIO pins of
 an R-Pi_2016/pb.png>] <GPIO.png, id=41, 353.06906pt x 274.02374pt>
File: GPIO.png Graphic file (type png)

<use GPIO.png>
Package pdftex.def Info: GPIO.png used on input line 130.
(pdftex.def)             Requested size: 141.22511pt x 109.60754pt.
 <pcb_front.png, id=42, 222.07968pt x 191.21437pt>
File: pcb_front.png Graphic file (type png)

<use pcb_front.png>
Package pdftex.def Info: pcb_front.png used on input line 143.
(pdftex.def)             Requested size: 88.83029pt x 76.48439pt.
 <back_track.png, id=43, 222.8325pt x 191.9672pt>
File: back_track.png Graphic file (type png)

<use back_track.png>
Package pdftex.def Info: back_track.png used on input line 147.
(pdftex.def)             Requested size: 89.13141pt x 76.7855pt.

("D:\Internship\eYSIP-Raspberry_Pi_Development_Board\Accessing GPIO pins of an 
R-Pi_2016\switchpress_LED(GPIO).py"
Overfull \hbox (34.2041pt too wide) in paragraph at lines 1--2
[][][][][][][][][][][][][][][][][][][][][][][][][] 
 []

[9 <D:/Internship/eYSIP-Raspberry_Pi_Development_Board/Accessing GPIO pins of a
n R-Pi_2016/GPIO.png> <D:/Internship/eYSIP-Raspberry_Pi_Development_Board/Acces
sing GPIO pins of an R-Pi_2016/pcb_front.png> <D:/Internship/eYSIP-Raspberry_Pi
_Development_Board/Accessing GPIO pins of an R-Pi_2016/back_track.png>]
Overfull \hbox (113.04492pt too wide) in paragraph at lines 7--8
[][][][][][][][][][][][][][][][][][][][][][][][][][][][][] 
 []


Overfull \hbox (106.47485pt too wide) in paragraph at lines 8--9
[][][][][][][][][][][][][][][][][][][][][][][][][][][][][][] 
 []

) [10]
("D:\Internship\eYSIP-Raspberry_Pi_Development_Board\Accessing GPIO pins of an 
R-Pi_2016\GPIO_2016.aux") ) 
Here is how much of TeX's memory you used:
 2669 strings out of 493921
 37929 string characters out of 3147261
 123419 words of memory out of 3000000
 5958 multiletter control sequences out of 15000+200000
 9325 words of font info for 33 fonts, out of 3000000 for 9000
 841 hyphenation exceptions out of 8191
 27i,7n,43p,242b,1474s stack positions out of 5000i,500n,10000p,200000b,50000s
<C:/Program Files/MiKTeX 2.9/fonts/type1/public/amsf
onts/cm/cmbx10.pfb><C:/Program Files/MiKTeX 2.9/fonts/type1/public/amsfonts/cm/
cmbx12.pfb><C:/Program Files/MiKTeX 2.9/fonts/type1/public/amsfonts/cm/cmr10.pf
b><C:/Program Files/MiKTeX 2.9/fonts/type1/public/amsfonts/cm/cmr12.pfb><C:/Pro
gram Files/MiKTeX 2.9/fonts/type1/public/amsfonts/cm/cmr17.pfb><C:/Program File
s/MiKTeX 2.9/fonts/type1/public/amsfonts/cm/cmsy10.pfb><C:/Program Files/MiKTeX
 2.9/fonts/type1/public/amsfonts/cm/cmti10.pfb><C:/Program Files/MiKTeX 2.9/fon
ts/type1/public/amsfonts/cm/cmtt10.pfb>
Output written on GPIO_2016.pdf (10 pages, 520774 bytes).
PDF statistics:
 80 PDF objects out of 1000 (max. 8388607)
 0 named destinations out of 1000 (max. 500000)
 36 words of extra memory for PDF output out of 10000 (max. 10000000)

