########### array before sorts ###########
0	31.750000	0.000000	105.080000	0.000000	n
1	105.080000	0.000000	105.080000	72.380000	n
2	105.080000	72.380000	31.750000	72.380000	n
3	31.750000	72.380000	31.750000	0.000000	n
Tolerance=0.050000.
*Exact match for i=0 and j=1.
*i point 31.750000	0.000000	105.080000	0.000000	y
*Exact match for i=1 and j=2.
*i point 105.080000	0.000000	105.080000	72.380000	y
*Exact match for i=2 and j=3.
*i point 105.080000	72.380000	31.750000	72.380000	y
########### array after sorts ###########
0	31.750000	0.000000	105.080000	0.000000	y
1	105.080000	0.000000	105.080000	72.380000	y
2	105.080000	72.380000	31.750000	72.380000	y
3	31.750000	72.380000	31.750000	0.000000	y
***************
.BOARD_OUTLINE UNOWNED
1.6
0     31.750000     0.000000     0
0     105.080000     0.000000     0
0     105.080000     72.380000     0
0     31.750000     72.380000     0
0     31.750000     0.000000     0
